2017-01-07 22:47:39,255 [Worker-1] INFO  o.e.m.c.i.l.LifecycleMappingFactory - Using org.maven.ide.eclipse.wtp.WarLifecycleMapping lifecycle mapping for MavenProject: ec.edu.epn:guiaquito:1.0-SNAPSHOT @ C:\Users\HDCR\Documents\GitHub\OntologiaIU\Ontologia\AplicacionJAVA\GuiaTesis-0.1\pom.xml.
2017-01-07 22:47:42,759 [Worker-1] INFO  o.e.m.j.i.AbstractJavaProjectConfigurator - Adding source folder /GuiaTesis-0.1/src/main/java
2017-01-07 22:47:42,760 [Worker-1] INFO  o.e.m.j.i.AbstractJavaProjectConfigurator - Adding resource folder /GuiaTesis-0.1/src/main/resources
2017-01-07 22:47:42,773 [Worker-1] INFO  o.e.m.j.i.AbstractJavaProjectConfigurator - Adding source folder /GuiaTesis-0.1/src/test/java
2017-01-07 22:47:44,132 [Worker-0] INFO  o.e.m.c.i.l.LifecycleMappingFactory - Using org.maven.ide.eclipse.wtp.WarLifecycleMapping lifecycle mapping for MavenProject: ec.edu.epn:guiaquito:1.0-SNAPSHOT @ C:\Users\HDCR\Documents\GitHub\OntologiaIU\Ontologia\AplicacionJAVA\GuiaTesis-0.1\pom.xml.
2017-01-07 22:47:48,861 [Worker-5] INFO  o.e.m.c.i.l.LifecycleMappingFactory - Using org.maven.ide.eclipse.wtp.WarLifecycleMapping lifecycle mapping for MavenProject: ec.edu.epn:guiaquito:1.0-SNAPSHOT @ C:\Users\HDCR\Documents\GitHub\OntologiaIU\Ontologia\AplicacionJAVA\GuiaTesis-0.1\pom.xml.
2017-01-07 22:47:49,788 [Worker-5] INFO  o.e.m.c.i.embedder.EclipseLogger - Using 'UTF-8' encoding to copy filtered resources.
2017-01-07 22:47:49,827 [Worker-5] INFO  o.e.m.c.i.embedder.EclipseLogger - Copying 2 resources
2017-01-07 22:47:49,888 [Worker-5] INFO  o.e.m.c.i.embedder.EclipseLogger - Using 'UTF-8' encoding to copy filtered resources.
2017-01-07 22:47:49,888 [Worker-5] INFO  o.e.m.c.i.embedder.EclipseLogger - skip non existing resourceDirectory C:\Users\HDCR\Documents\GitHub\OntologiaIU\Ontologia\AplicacionJAVA\GuiaTesis-0.1\src\test\resources
2017-01-07 22:50:20,897 [Worker-0] INFO  o.e.m.c.i.l.LifecycleMappingFactory - Using org.maven.ide.eclipse.wtp.WarLifecycleMapping lifecycle mapping for MavenProject: ec.edu.epn:guiaquito:1.0-SNAPSHOT @ C:\Users\HDCR\Documents\GitHub\OntologiaIU\Ontologia\AplicacionJAVA\GuiaTesis-0.1\pom.xml.
2017-01-07 22:50:21,602 [Worker-0] INFO  o.e.m.c.i.embedder.EclipseLogger - Using 'UTF-8' encoding to copy filtered resources.
2017-01-07 22:50:21,605 [Worker-0] INFO  o.e.m.c.i.embedder.EclipseLogger - Copying 0 resource
2017-01-07 22:50:21,607 [Worker-0] INFO  o.e.m.c.i.embedder.EclipseLogger - Using 'UTF-8' encoding to copy filtered resources.
2017-01-07 22:50:21,607 [Worker-0] INFO  o.e.m.c.i.embedder.EclipseLogger - skip non existing resourceDirectory C:\Users\HDCR\Documents\GitHub\OntologiaIU\Ontologia\AplicacionJAVA\GuiaTesis-0.1\src\test\resources
2017-01-07 22:52:45,432 [ModalContext] INFO  o.e.m.c.i.embedder.EclipseLogger - Using 'UTF-8' encoding to copy filtered resources.
2017-01-07 22:52:45,434 [ModalContext] INFO  o.e.m.c.i.embedder.EclipseLogger - Copying 2 resources
2017-01-07 22:52:45,442 [ModalContext] INFO  o.e.m.c.i.embedder.EclipseLogger - Using 'UTF-8' encoding to copy filtered resources.
2017-01-07 22:52:45,442 [ModalContext] INFO  o.e.m.c.i.embedder.EclipseLogger - skip non existing resourceDirectory C:\Users\HDCR\Documents\GitHub\OntologiaIU\Ontologia\AplicacionJAVA\GuiaTesis-0.1\src\test\resources
2017-01-07 22:52:46,832 [ModalContext] INFO  o.e.m.c.i.embedder.EclipseLogger - Using 'UTF-8' encoding to copy filtered resources.
2017-01-07 22:52:46,833 [ModalContext] INFO  o.e.m.c.i.embedder.EclipseLogger - Copying 2 resources
2017-01-07 22:52:46,843 [ModalContext] INFO  o.e.m.c.i.embedder.EclipseLogger - Using 'UTF-8' encoding to copy filtered resources.
2017-01-07 22:52:46,844 [ModalContext] INFO  o.e.m.c.i.embedder.EclipseLogger - skip non existing resourceDirectory C:\Users\HDCR\Documents\GitHub\OntologiaIU\Ontologia\AplicacionJAVA\GuiaTesis-0.1\src\test\resources
2017-01-07 22:53:36,340 [Worker-7] INFO  o.e.m.c.i.l.LifecycleMappingFactory - Using org.maven.ide.eclipse.wtp.WarLifecycleMapping lifecycle mapping for MavenProject: ec.edu.epn:guiaquito:1.0-SNAPSHOT @ C:\Users\HDCR\Documents\GitHub\OntologiaIU\Ontologia\AplicacionJAVA\GuiaTesis-0.1\pom.xml.
2017-01-07 22:53:36,869 [Worker-7] INFO  o.e.m.j.i.AbstractJavaProjectConfigurator - Adding source folder /GuiaTesis-0.1/src/main/java
2017-01-07 22:53:36,870 [Worker-7] INFO  o.e.m.j.i.AbstractJavaProjectConfigurator - Adding resource folder /GuiaTesis-0.1/src/main/resources
2017-01-07 22:53:36,883 [Worker-7] INFO  o.e.m.j.i.AbstractJavaProjectConfigurator - Adding source folder /GuiaTesis-0.1/src/test/java
2017-01-07 22:53:39,273 [Worker-7] INFO  o.e.m.c.i.p.ProjectConfigurationManager - Imported and configured 1 project(s) in 3 sec
2017-01-07 22:53:39,473 [Worker-8] INFO  o.e.m.c.i.l.LifecycleMappingFactory - Using org.maven.ide.eclipse.wtp.WarLifecycleMapping lifecycle mapping for MavenProject: ec.edu.epn:guiaquito:1.0-SNAPSHOT @ C:\Users\HDCR\Documents\GitHub\OntologiaIU\Ontologia\AplicacionJAVA\GuiaTesis-0.1\pom.xml.
2017-01-07 22:53:49,018 [Worker-0] INFO  o.e.m.c.i.l.LifecycleMappingFactory - Using org.maven.ide.eclipse.wtp.WarLifecycleMapping lifecycle mapping for MavenProject: ec.edu.epn:guiaquito:1.0-SNAPSHOT @ C:\Users\HDCR\Documents\GitHub\OntologiaIU\Ontologia\AplicacionJAVA\GuiaTesis-0.1\pom.xml.
2017-01-07 22:53:51,098 [Worker-0] INFO  o.e.m.c.i.embedder.EclipseLogger - Using 'UTF-8' encoding to copy filtered resources.
2017-01-07 22:53:51,099 [Worker-0] INFO  o.e.m.c.i.embedder.EclipseLogger - Copying 2 resources
2017-01-07 22:53:51,107 [Worker-0] INFO  o.e.m.c.i.embedder.EclipseLogger - Using 'UTF-8' encoding to copy filtered resources.
2017-01-07 22:53:51,108 [Worker-0] INFO  o.e.m.c.i.embedder.EclipseLogger - skip non existing resourceDirectory C:\Users\HDCR\Documents\GitHub\OntologiaIU\Ontologia\AplicacionJAVA\GuiaTesis-0.1\src\test\resources
2017-01-07 22:54:15,175 [Worker-8] INFO  o.e.m.c.i.embedder.EclipseLogger - Using 'UTF-8' encoding to copy filtered resources.
2017-01-07 22:54:15,175 [Worker-8] INFO  o.e.m.c.i.embedder.EclipseLogger - Copying 0 resource
2017-01-07 22:54:15,177 [Worker-8] INFO  o.e.m.c.i.embedder.EclipseLogger - Using 'UTF-8' encoding to copy filtered resources.
2017-01-07 22:54:15,178 [Worker-8] INFO  o.e.m.c.i.embedder.EclipseLogger - skip non existing resourceDirectory C:\Users\HDCR\Documents\GitHub\OntologiaIU\Ontologia\AplicacionJAVA\GuiaTesis-0.1\src\test\resources
2017-01-12 21:51:34,858 [Worker-1] INFO  o.e.m.c.i.embedder.EclipseLogger - Using 'UTF-8' encoding to copy filtered resources.
2017-01-12 21:51:34,914 [Worker-1] INFO  o.e.m.c.i.embedder.EclipseLogger - Copying 2 resources
2017-01-12 21:51:34,933 [Worker-1] INFO  o.e.m.c.i.embedder.EclipseLogger - Using 'UTF-8' encoding to copy filtered resources.
2017-01-12 21:51:34,933 [Worker-1] INFO  o.e.m.c.i.embedder.EclipseLogger - skip non existing resourceDirectory C:\Users\HDCR\Documents\GitHub\OntologiaIU\Ontologia\AplicacionJAVA\GuiaTesis-0.1\src\test\resources
2017-01-12 21:53:10,944 [Worker-8] INFO  o.e.m.c.i.l.LifecycleMappingFactory - Using org.maven.ide.eclipse.wtp.WarLifecycleMapping lifecycle mapping for MavenProject: ec.edu.epn:guiaquito:1.0-SNAPSHOT @ C:\Users\HDCR\Documents\GitHub\OntologiaIU\Ontologia\AplicacionJAVA\GuiaTesis-0.1\pom.xml.
2017-01-12 21:53:11,997 [Worker-8] INFO  o.e.m.c.i.e.AbstractTransferListenerAdapter - Downloading http://repo.maven.apache.org/maven2/org/apache/jena/apache-jena-libs/3.1.1/apache-jena-libs-3.1.1.pom
2017-01-12 21:53:12,304 [Worker-8] INFO  o.e.m.c.i.e.AbstractTransferListenerAdapter - Downloaded http://repo.maven.apache.org/maven2/org/apache/jena/apache-jena-libs/3.1.1/apache-jena-libs-3.1.1.pom
2017-01-12 21:53:12,432 [Worker-8] INFO  o.e.m.c.i.e.AbstractTransferListenerAdapter - Downloading http://repo.maven.apache.org/maven2/org/apache/jena/jena-parent/17/jena-parent-17.pom
2017-01-12 21:53:12,997 [Worker-8] INFO  o.e.m.c.i.e.AbstractTransferListenerAdapter - Downloaded http://repo.maven.apache.org/maven2/org/apache/jena/jena-parent/17/jena-parent-17.pom
2017-01-12 21:53:13,146 [Worker-8] INFO  o.e.m.c.i.e.AbstractTransferListenerAdapter - Downloading http://repo.maven.apache.org/maven2/org/apache/apache/18/apache-18.pom
2017-01-12 21:53:13,451 [Worker-8] INFO  o.e.m.c.i.e.AbstractTransferListenerAdapter - Downloaded http://repo.maven.apache.org/maven2/org/apache/apache/18/apache-18.pom
2017-01-12 21:53:13,602 [Worker-8] INFO  o.e.m.c.i.e.AbstractTransferListenerAdapter - Downloading http://repo.maven.apache.org/maven2/org/apache/jena/jena-tdb/3.1.1/jena-tdb-3.1.1.pom
2017-01-12 21:53:13,981 [Worker-8] INFO  o.e.m.c.i.e.AbstractTransferListenerAdapter - Downloaded http://repo.maven.apache.org/maven2/org/apache/jena/jena-tdb/3.1.1/jena-tdb-3.1.1.pom
2017-01-12 21:53:14,186 [Worker-8] INFO  o.e.m.c.i.e.AbstractTransferListenerAdapter - Downloading http://repo.maven.apache.org/maven2/org/apache/jena/jena-arq/3.1.1/jena-arq-3.1.1.pom
2017-01-12 21:53:15,024 [Worker-8] INFO  o.e.m.c.i.e.AbstractTransferListenerAdapter - Downloaded http://repo.maven.apache.org/maven2/org/apache/jena/jena-arq/3.1.1/jena-arq-3.1.1.pom
2017-01-12 21:53:15,245 [Worker-8] INFO  o.e.m.c.i.e.AbstractTransferListenerAdapter - Downloading http://repo.maven.apache.org/maven2/org/apache/jena/jena-core/3.1.1/jena-core-3.1.1.pom
2017-01-12 21:53:15,616 [Worker-8] INFO  o.e.m.c.i.e.AbstractTransferListenerAdapter - Downloaded http://repo.maven.apache.org/maven2/org/apache/jena/jena-core/3.1.1/jena-core-3.1.1.pom
2017-01-12 21:53:15,793 [Worker-8] INFO  o.e.m.c.i.e.AbstractTransferListenerAdapter - Downloading http://repo.maven.apache.org/maven2/org/apache/jena/jena-iri/3.1.1/jena-iri-3.1.1.pom
2017-01-12 21:53:16,180 [Worker-8] INFO  o.e.m.c.i.e.AbstractTransferListenerAdapter - Downloaded http://repo.maven.apache.org/maven2/org/apache/jena/jena-iri/3.1.1/jena-iri-3.1.1.pom
2017-01-12 21:53:16,425 [Worker-8] INFO  o.e.m.c.i.e.AbstractTransferListenerAdapter - Downloading http://repo.maven.apache.org/maven2/org/apache/jena/jena-base/3.1.1/jena-base-3.1.1.pom
2017-01-12 21:53:16,818 [Worker-8] INFO  o.e.m.c.i.e.AbstractTransferListenerAdapter - Downloaded http://repo.maven.apache.org/maven2/org/apache/jena/jena-base/3.1.1/jena-base-3.1.1.pom
2017-01-12 21:53:17,017 [Worker-8] INFO  o.e.m.c.i.e.AbstractTransferListenerAdapter - Downloading http://repo.maven.apache.org/maven2/org/apache/jena/jena-shaded-guava/3.1.1/jena-shaded-guava-3.1.1.pom
2017-01-12 21:53:17,402 [Worker-8] INFO  o.e.m.c.i.e.AbstractTransferListenerAdapter - Downloaded http://repo.maven.apache.org/maven2/org/apache/jena/jena-shaded-guava/3.1.1/jena-shaded-guava-3.1.1.pom
2017-01-12 21:53:17,624 [Worker-8] INFO  o.e.m.c.i.e.AbstractTransferListenerAdapter - Downloading http://repo.maven.apache.org/maven2/org/apache/commons/commons-csv/1.3/commons-csv-1.3.pom
2017-01-12 21:53:18,497 [Worker-8] INFO  o.e.m.c.i.e.AbstractTransferListenerAdapter - Downloaded http://repo.maven.apache.org/maven2/org/apache/commons/commons-csv/1.3/commons-csv-1.3.pom
2017-01-12 21:53:18,700 [Worker-8] INFO  o.e.m.c.i.e.AbstractTransferListenerAdapter - Downloading http://repo.maven.apache.org/maven2/org/apache/commons/commons-parent/40/commons-parent-40.pom
2017-01-12 21:53:20,954 [Worker-8] INFO  o.e.m.c.i.e.AbstractTransferListenerAdapter - Downloaded http://repo.maven.apache.org/maven2/org/apache/commons/commons-parent/40/commons-parent-40.pom
2017-01-12 21:53:21,093 [Worker-8] INFO  o.e.m.c.i.e.AbstractTransferListenerAdapter - Downloading http://repo.maven.apache.org/maven2/org/apache/apache/17/apache-17.pom
2017-01-12 21:53:21,850 [Worker-8] INFO  o.e.m.c.i.e.AbstractTransferListenerAdapter - Downloaded http://repo.maven.apache.org/maven2/org/apache/apache/17/apache-17.pom
2017-01-12 21:53:22,024 [Worker-8] INFO  o.e.m.c.i.e.AbstractTransferListenerAdapter - Downloading http://repo.maven.apache.org/maven2/org/apache/commons/commons-lang3/3.4/commons-lang3-3.4.pom
2017-01-12 21:53:22,662 [Worker-8] INFO  o.e.m.c.i.e.AbstractTransferListenerAdapter - Downloaded http://repo.maven.apache.org/maven2/org/apache/commons/commons-lang3/3.4/commons-lang3-3.4.pom
2017-01-12 21:53:22,802 [Worker-8] INFO  o.e.m.c.i.e.AbstractTransferListenerAdapter - Downloading http://repo.maven.apache.org/maven2/org/apache/httpcomponents/httpclient/4.5.2/httpclient-4.5.2.pom
2017-01-12 21:53:23,097 [Worker-8] INFO  o.e.m.c.i.e.AbstractTransferListenerAdapter - Downloaded http://repo.maven.apache.org/maven2/org/apache/httpcomponents/httpclient/4.5.2/httpclient-4.5.2.pom
2017-01-12 21:53:23,236 [Worker-8] INFO  o.e.m.c.i.e.AbstractTransferListenerAdapter - Downloading http://repo.maven.apache.org/maven2/org/apache/httpcomponents/httpcomponents-client/4.5.2/httpcomponents-client-4.5.2.pom
2017-01-12 21:53:23,715 [Worker-8] INFO  o.e.m.c.i.e.AbstractTransferListenerAdapter - Downloaded http://repo.maven.apache.org/maven2/org/apache/httpcomponents/httpcomponents-client/4.5.2/httpcomponents-client-4.5.2.pom
2017-01-12 21:53:23,926 [Worker-8] INFO  o.e.m.c.i.e.AbstractTransferListenerAdapter - Downloading http://repo.maven.apache.org/maven2/org/apache/httpcomponents/httpcore/4.4.4/httpcore-4.4.4.pom
2017-01-12 21:53:24,313 [Worker-8] INFO  o.e.m.c.i.e.AbstractTransferListenerAdapter - Downloaded http://repo.maven.apache.org/maven2/org/apache/httpcomponents/httpcore/4.4.4/httpcore-4.4.4.pom
2017-01-12 21:53:24,519 [Worker-8] INFO  o.e.m.c.i.e.AbstractTransferListenerAdapter - Downloading http://repo.maven.apache.org/maven2/org/apache/httpcomponents/httpcomponents-core/4.4.4/httpcomponents-core-4.4.4.pom
2017-01-12 21:53:25,044 [Worker-8] INFO  o.e.m.c.i.e.AbstractTransferListenerAdapter - Downloaded http://repo.maven.apache.org/maven2/org/apache/httpcomponents/httpcomponents-core/4.4.4/httpcomponents-core-4.4.4.pom
2017-01-12 21:53:25,183 [Worker-8] INFO  o.e.m.c.i.e.AbstractTransferListenerAdapter - Downloading http://repo.maven.apache.org/maven2/commons-codec/commons-codec/1.9/commons-codec-1.9.pom
2017-01-12 21:53:25,626 [Worker-8] INFO  o.e.m.c.i.e.AbstractTransferListenerAdapter - Downloaded http://repo.maven.apache.org/maven2/commons-codec/commons-codec/1.9/commons-codec-1.9.pom
2017-01-12 21:53:25,779 [Worker-8] INFO  o.e.m.c.i.e.AbstractTransferListenerAdapter - Downloading http://repo.maven.apache.org/maven2/com/github/jsonld-java/jsonld-java/0.8.3/jsonld-java-0.8.3.pom
2017-01-12 21:53:26,158 [Worker-8] INFO  o.e.m.c.i.e.AbstractTransferListenerAdapter - Downloaded http://repo.maven.apache.org/maven2/com/github/jsonld-java/jsonld-java/0.8.3/jsonld-java-0.8.3.pom
2017-01-12 21:53:26,351 [Worker-8] INFO  o.e.m.c.i.e.AbstractTransferListenerAdapter - Downloading http://repo.maven.apache.org/maven2/com/github/jsonld-java/jsonld-java-parent/0.8.3/jsonld-java-parent-0.8.3.pom
2017-01-12 21:53:26,980 [Worker-8] INFO  o.e.m.c.i.e.AbstractTransferListenerAdapter - Downloaded http://repo.maven.apache.org/maven2/com/github/jsonld-java/jsonld-java-parent/0.8.3/jsonld-java-parent-0.8.3.pom
2017-01-12 21:53:27,126 [Worker-8] INFO  o.e.m.c.i.e.AbstractTransferListenerAdapter - Downloading http://repo.maven.apache.org/maven2/org/slf4j/jcl-over-slf4j/1.7.21/jcl-over-slf4j-1.7.21.pom
2017-01-12 21:53:27,968 [Worker-8] INFO  o.e.m.c.i.e.AbstractTransferListenerAdapter - Downloaded http://repo.maven.apache.org/maven2/org/slf4j/jcl-over-slf4j/1.7.21/jcl-over-slf4j-1.7.21.pom
2017-01-12 21:53:28,147 [Worker-8] INFO  o.e.m.c.i.e.AbstractTransferListenerAdapter - Downloading http://repo.maven.apache.org/maven2/org/slf4j/slf4j-parent/1.7.21/slf4j-parent-1.7.21.pom
2017-01-12 21:53:28,837 [Worker-8] INFO  o.e.m.c.i.e.AbstractTransferListenerAdapter - Downloaded http://repo.maven.apache.org/maven2/org/slf4j/slf4j-parent/1.7.21/slf4j-parent-1.7.21.pom
2017-01-12 21:53:29,034 [Worker-8] INFO  o.e.m.c.i.e.AbstractTransferListenerAdapter - Downloading http://repo.maven.apache.org/maven2/commons-io/commons-io/2.5/commons-io-2.5.pom
2017-01-12 21:53:29,622 [Worker-8] INFO  o.e.m.c.i.e.AbstractTransferListenerAdapter - Downloaded http://repo.maven.apache.org/maven2/commons-io/commons-io/2.5/commons-io-2.5.pom
2017-01-12 21:53:29,837 [Worker-8] INFO  o.e.m.c.i.e.AbstractTransferListenerAdapter - Downloading http://repo.maven.apache.org/maven2/org/apache/commons/commons-parent/39/commons-parent-39.pom
2017-01-12 21:53:31,587 [Worker-8] INFO  o.e.m.c.i.e.AbstractTransferListenerAdapter - Downloaded http://repo.maven.apache.org/maven2/org/apache/commons/commons-parent/39/commons-parent-39.pom
2017-01-12 21:53:31,751 [Worker-8] INFO  o.e.m.c.i.e.AbstractTransferListenerAdapter - Downloading http://repo.maven.apache.org/maven2/org/apache/httpcomponents/httpclient-cache/4.5.2/httpclient-cache-4.5.2.pom
2017-01-12 21:53:32,041 [Worker-8] INFO  o.e.m.c.i.e.AbstractTransferListenerAdapter - Downloaded http://repo.maven.apache.org/maven2/org/apache/httpcomponents/httpclient-cache/4.5.2/httpclient-cache-4.5.2.pom
2017-01-12 21:53:32,187 [Worker-8] INFO  o.e.m.c.i.e.AbstractTransferListenerAdapter - Downloading http://repo.maven.apache.org/maven2/org/apache/thrift/libthrift/0.9.3/libthrift-0.9.3.pom
2017-01-12 21:53:32,475 [Worker-8] INFO  o.e.m.c.i.e.AbstractTransferListenerAdapter - Downloaded http://repo.maven.apache.org/maven2/org/apache/thrift/libthrift/0.9.3/libthrift-0.9.3.pom
2017-01-12 21:53:32,626 [Worker-8] INFO  o.e.m.c.i.e.AbstractTransferListenerAdapter - Downloading http://repo.maven.apache.org/maven2/org/apache/httpcomponents/httpclient/4.4.1/httpclient-4.4.1.pom
2017-01-12 21:53:32,909 [Worker-8] INFO  o.e.m.c.i.e.AbstractTransferListenerAdapter - Downloaded http://repo.maven.apache.org/maven2/org/apache/httpcomponents/httpclient/4.4.1/httpclient-4.4.1.pom
2017-01-12 21:53:33,057 [Worker-8] INFO  o.e.m.c.i.e.AbstractTransferListenerAdapter - Downloading http://repo.maven.apache.org/maven2/org/apache/httpcomponents/httpcomponents-client/4.4.1/httpcomponents-client-4.4.1.pom
2017-01-12 21:53:33,533 [Worker-8] INFO  o.e.m.c.i.e.AbstractTransferListenerAdapter - Downloaded http://repo.maven.apache.org/maven2/org/apache/httpcomponents/httpcomponents-client/4.4.1/httpcomponents-client-4.4.1.pom
2017-01-12 21:53:33,686 [Worker-8] INFO  o.e.m.c.i.e.AbstractTransferListenerAdapter - Downloading http://repo.maven.apache.org/maven2/commons-logging/commons-logging/1.2/commons-logging-1.2.pom
2017-01-12 21:53:34,349 [Worker-8] INFO  o.e.m.c.i.e.AbstractTransferListenerAdapter - Downloaded http://repo.maven.apache.org/maven2/commons-logging/commons-logging/1.2/commons-logging-1.2.pom
2017-01-12 21:53:34,650 [Worker-8] INFO  o.e.m.c.i.e.AbstractTransferListenerAdapter - Downloading http://repo.maven.apache.org/maven2/org/apache/jena/jena-tdb/3.1.1/jena-tdb-3.1.1.jar
2017-01-12 21:53:40,603 [Worker-8] INFO  o.e.m.c.i.e.AbstractTransferListenerAdapter - Downloaded http://repo.maven.apache.org/maven2/org/apache/jena/jena-tdb/3.1.1/jena-tdb-3.1.1.jar
2017-01-12 21:53:41,240 [Worker-8] INFO  o.e.m.c.i.e.AbstractTransferListenerAdapter - Downloading http://repo.maven.apache.org/maven2/org/apache/jena/jena-arq/3.1.1/jena-arq-3.1.1.jar
2017-01-12 21:53:59,166 [Worker-8] INFO  o.e.m.c.i.e.AbstractTransferListenerAdapter - Downloaded http://repo.maven.apache.org/maven2/org/apache/jena/jena-arq/3.1.1/jena-arq-3.1.1.jar
2017-01-12 21:53:59,324 [Worker-8] INFO  o.e.m.c.i.e.AbstractTransferListenerAdapter - Downloading http://repo.maven.apache.org/maven2/org/apache/jena/jena-core/3.1.1/jena-core-3.1.1.jar
2017-01-12 21:54:10,465 [Worker-8] INFO  o.e.m.c.i.e.AbstractTransferListenerAdapter - Downloaded http://repo.maven.apache.org/maven2/org/apache/jena/jena-core/3.1.1/jena-core-3.1.1.jar
2017-01-12 21:54:10,587 [Worker-8] INFO  o.e.m.c.i.e.AbstractTransferListenerAdapter - Downloading http://repo.maven.apache.org/maven2/org/apache/jena/jena-iri/3.1.1/jena-iri-3.1.1.jar
2017-01-12 21:54:12,800 [Worker-8] INFO  o.e.m.c.i.e.AbstractTransferListenerAdapter - Downloaded http://repo.maven.apache.org/maven2/org/apache/jena/jena-iri/3.1.1/jena-iri-3.1.1.jar
2017-01-12 21:54:12,922 [Worker-8] INFO  o.e.m.c.i.e.AbstractTransferListenerAdapter - Downloading http://repo.maven.apache.org/maven2/org/apache/jena/jena-base/3.1.1/jena-base-3.1.1.jar
2017-01-12 21:54:14,826 [Worker-8] INFO  o.e.m.c.i.e.AbstractTransferListenerAdapter - Downloaded http://repo.maven.apache.org/maven2/org/apache/jena/jena-base/3.1.1/jena-base-3.1.1.jar
2017-01-12 21:54:15,130 [Worker-8] INFO  o.e.m.c.i.e.AbstractTransferListenerAdapter - Downloading http://repo.maven.apache.org/maven2/org/apache/jena/jena-shaded-guava/3.1.1/jena-shaded-guava-3.1.1.jar
2017-01-12 21:54:29,526 [Worker-8] INFO  o.e.m.c.i.e.AbstractTransferListenerAdapter - Downloaded http://repo.maven.apache.org/maven2/org/apache/jena/jena-shaded-guava/3.1.1/jena-shaded-guava-3.1.1.jar
2017-01-12 21:54:29,681 [Worker-8] INFO  o.e.m.c.i.e.AbstractTransferListenerAdapter - Downloading http://repo.maven.apache.org/maven2/org/apache/httpcomponents/httpclient/4.5.2/httpclient-4.5.2.jar
2017-01-12 21:54:35,079 [Worker-8] INFO  o.e.m.c.i.e.AbstractTransferListenerAdapter - Downloaded http://repo.maven.apache.org/maven2/org/apache/httpcomponents/httpclient/4.5.2/httpclient-4.5.2.jar
2017-01-12 21:54:35,238 [Worker-8] INFO  o.e.m.c.i.e.AbstractTransferListenerAdapter - Downloading http://repo.maven.apache.org/maven2/org/apache/httpcomponents/httpcore/4.4.4/httpcore-4.4.4.jar
2017-01-12 21:54:38,137 [Worker-8] INFO  o.e.m.c.i.e.AbstractTransferListenerAdapter - Downloaded http://repo.maven.apache.org/maven2/org/apache/httpcomponents/httpcore/4.4.4/httpcore-4.4.4.jar
2017-01-12 21:54:38,259 [Worker-8] INFO  o.e.m.c.i.e.AbstractTransferListenerAdapter - Downloading http://repo.maven.apache.org/maven2/commons-codec/commons-codec/1.9/commons-codec-1.9.jar
2017-01-12 21:54:40,116 [Worker-8] INFO  o.e.m.c.i.e.AbstractTransferListenerAdapter - Downloaded http://repo.maven.apache.org/maven2/commons-codec/commons-codec/1.9/commons-codec-1.9.jar
2017-01-12 21:54:40,239 [Worker-8] INFO  o.e.m.c.i.e.AbstractTransferListenerAdapter - Downloading http://repo.maven.apache.org/maven2/com/github/jsonld-java/jsonld-java/0.8.3/jsonld-java-0.8.3.jar
2017-01-12 21:54:41,657 [Worker-8] INFO  o.e.m.c.i.e.AbstractTransferListenerAdapter - Downloaded http://repo.maven.apache.org/maven2/com/github/jsonld-java/jsonld-java/0.8.3/jsonld-java-0.8.3.jar
2017-01-12 21:54:41,782 [Worker-8] INFO  o.e.m.c.i.e.AbstractTransferListenerAdapter - Downloading http://repo.maven.apache.org/maven2/commons-io/commons-io/2.5/commons-io-2.5.jar
2017-01-12 21:54:43,439 [Worker-8] INFO  o.e.m.c.i.e.AbstractTransferListenerAdapter - Downloaded http://repo.maven.apache.org/maven2/commons-io/commons-io/2.5/commons-io-2.5.jar
2017-01-12 21:54:43,563 [Worker-8] INFO  o.e.m.c.i.e.AbstractTransferListenerAdapter - Downloading http://repo.maven.apache.org/maven2/org/apache/httpcomponents/httpclient-cache/4.5.2/httpclient-cache-4.5.2.jar
2017-01-12 21:54:45,104 [Worker-8] INFO  o.e.m.c.i.e.AbstractTransferListenerAdapter - Downloaded http://repo.maven.apache.org/maven2/org/apache/httpcomponents/httpclient-cache/4.5.2/httpclient-cache-4.5.2.jar
2017-01-12 21:54:45,281 [Worker-8] INFO  o.e.m.c.i.e.AbstractTransferListenerAdapter - Downloading http://repo.maven.apache.org/maven2/org/apache/thrift/libthrift/0.9.3/libthrift-0.9.3.jar
2017-01-12 21:54:47,531 [Worker-8] INFO  o.e.m.c.i.e.AbstractTransferListenerAdapter - Downloaded http://repo.maven.apache.org/maven2/org/apache/thrift/libthrift/0.9.3/libthrift-0.9.3.jar
2017-01-12 21:54:47,653 [Worker-8] INFO  o.e.m.c.i.e.AbstractTransferListenerAdapter - Downloading http://repo.maven.apache.org/maven2/org/slf4j/jcl-over-slf4j/1.7.21/jcl-over-slf4j-1.7.21.jar
2017-01-12 21:54:48,477 [Worker-8] INFO  o.e.m.c.i.e.AbstractTransferListenerAdapter - Downloaded http://repo.maven.apache.org/maven2/org/slf4j/jcl-over-slf4j/1.7.21/jcl-over-slf4j-1.7.21.jar
2017-01-12 21:54:48,603 [Worker-8] INFO  o.e.m.c.i.e.AbstractTransferListenerAdapter - Downloading http://repo.maven.apache.org/maven2/org/apache/commons/commons-csv/1.3/commons-csv-1.3.jar
2017-01-12 21:54:49,539 [Worker-8] INFO  o.e.m.c.i.e.AbstractTransferListenerAdapter - Downloaded http://repo.maven.apache.org/maven2/org/apache/commons/commons-csv/1.3/commons-csv-1.3.jar
2017-01-12 21:54:49,661 [Worker-8] INFO  o.e.m.c.i.e.AbstractTransferListenerAdapter - Downloading http://repo.maven.apache.org/maven2/org/apache/commons/commons-lang3/3.4/commons-lang3-3.4.jar
2017-01-12 21:54:52,331 [Worker-8] INFO  o.e.m.c.i.e.AbstractTransferListenerAdapter - Downloaded http://repo.maven.apache.org/maven2/org/apache/commons/commons-lang3/3.4/commons-lang3-3.4.jar
2017-01-12 21:54:57,129 [Worker-8] INFO  o.e.m.c.i.embedder.EclipseLogger - Using 'UTF-8' encoding to copy filtered resources.
2017-01-12 21:54:57,134 [Worker-8] INFO  o.e.m.c.i.embedder.EclipseLogger - Copying 0 resource
2017-01-12 21:54:57,137 [Worker-8] INFO  o.e.m.c.i.embedder.EclipseLogger - Using 'UTF-8' encoding to copy filtered resources.
2017-01-12 21:54:57,138 [Worker-8] INFO  o.e.m.c.i.embedder.EclipseLogger - skip non existing resourceDirectory C:\Users\HDCR\Documents\GitHub\OntologiaIU\Ontologia\AplicacionJAVA\GuiaTesis-0.1\src\test\resources
2017-01-12 21:54:57,140 [Worker-8] INFO  o.e.m.w.i.f.ResourceFilteringBuildParticipant - Changed resources require a complete clean of filtered resources of GuiaTesis-0.1
2017-01-12 21:54:57,141 [Worker-8] INFO  o.e.m.w.i.f.ResourceFilteringBuildParticipant - Executing resource filtering for GuiaTesis-0.1
2017-01-12 21:54:57,243 [Worker-8] INFO  o.e.m.c.i.embedder.EclipseLogger - Using 'UTF-8' encoding to copy filtered resources.
2017-01-12 21:55:00,616 [Worker-1] INFO  o.e.m.c.i.l.LifecycleMappingFactory - Using org.maven.ide.eclipse.wtp.WarLifecycleMapping lifecycle mapping for MavenProject: ec.edu.epn:guiaquito:1.0-SNAPSHOT @ C:\Users\HDCR\Documents\GitHub\OntologiaIU\Ontologia\AplicacionJAVA\GuiaTesis-0.1\pom.xml.
2017-01-12 21:55:03,190 [Worker-1] INFO  o.e.m.c.i.embedder.EclipseLogger - Using 'UTF-8' encoding to copy filtered resources.
2017-01-12 21:55:03,199 [Worker-1] INFO  o.e.m.c.i.embedder.EclipseLogger - Copying 2 resources
2017-01-12 21:55:03,224 [Worker-1] INFO  o.e.m.c.i.embedder.EclipseLogger - Using 'UTF-8' encoding to copy filtered resources.
2017-01-12 21:55:03,224 [Worker-1] INFO  o.e.m.c.i.embedder.EclipseLogger - skip non existing resourceDirectory C:\Users\HDCR\Documents\GitHub\OntologiaIU\Ontologia\AplicacionJAVA\GuiaTesis-0.1\src\test\resources
2017-01-12 21:55:03,225 [Worker-1] INFO  o.e.m.w.i.f.ResourceFilteringBuildParticipant - Changed resources require a complete clean of filtered resources of GuiaTesis-0.1
2017-01-12 21:55:03,225 [Worker-1] INFO  o.e.m.w.i.f.ResourceFilteringBuildParticipant - Executing resource filtering for GuiaTesis-0.1
2017-01-12 21:55:03,230 [Worker-1] INFO  o.e.m.c.i.embedder.EclipseLogger - Using 'UTF-8' encoding to copy filtered resources.
